<?xml version="1.0" encoding="UTF-8"?>
<testsuite xmlns:xsi="http://www.w3.org/2001/XMLSchema-instance" xsi:noNamespaceSchemaLocation="https://maven.apache.org/surefire/maven-surefire-plugin/xsd/surefire-test-report-3.0.xsd" version="3.0" name="com.rolliedev.TestSuiteRunner" time="0.599" tests="6" errors="0" skipped="0" failures="0">
  <properties>
[...]
</properties>
  <testcase name="test1" classname="com.rolliedev.ChinesePostmanTest" time="0.596">
    <system-out><![CDATA[[[[0, 7]]]
Sum of all edges: 840
[(5)--60--(7), (1)--50--(5), (0)--50--(1)]
3 0 1 0 2 3 1 4 5 1 5 7 2 6 7 5 3 
The length of Chinese postman route is 1000
Time: PT0.244988507S
[[[0, 7]]]
Sum of all edges: 840
[(5)--60--(7), (1)--50--(5), (0)--50--(1)]
3 0 1 0 2 3 1 4 5 1 5 7 2 6 7 5 3 
The length of Chinese postman route is 1000
Time: PT0.040595466S
]]></system-out>
  </testcase>
  <testcase name="test2" classname="com.rolliedev.ChinesePostmanTest" time="0.002">
    <system-out><![CDATA[[[[0, 1], [2, 7]], [[0, 2], [1, 7]], [[0, 7], [1, 2]]]
Sum of all edges: 114
[(0)--6--(1), (5)--9--(7), (2)--7--(5)]
3 0 1 0 2 3 1 4 3 5 2 5 6 4 7 5 7 6 3 
The length of Chinese postman route is 136
Time: PT0.009887209S
[[[0, 1], [2, 7]], [[0, 2], [1, 7]], [[0, 7], [1, 2]]]
Sum of all edges: 114
[(0)--6--(1), (5)--9--(7), (2)--7--(5)]
3 0 1 0 2 3 1 4 3 5 2 5 6 4 7 5 7 6 3 
The length of Chinese postman route is 136
Time: PT0.008368481S
]]></system-out>
  </testcase>
  <testcase name="test3ForGraph1" classname="com.rolliedev.DijkstraOnUndirectedGraphTest" time="0"/>
  <testcase name="test2ForGraph1" classname="com.rolliedev.DijkstraOnUndirectedGraphTest" time="0"/>
  <testcase name="test1ForGraph1" classname="com.rolliedev.DijkstraOnUndirectedGraphTest" time="0"/>
  <testcase name="test1ForGraph2" classname="com.rolliedev.DijkstraOnUndirectedGraphTest" time="0"/>
</testsuite>