<?xml version="1.0" encoding="UTF-8"?>
<testsuite xmlns:xsi="http://www.w3.org/2001/XMLSchema-instance" xsi:noNamespaceSchemaLocation="https://maven.apache.org/surefire/maven-surefire-plugin/xsd/surefire-test-report-3.0.xsd" version="3.0" name="com.rolliedev.ChinesePostmanTest" time="0.001" tests="6" errors="0" skipped="0" failures="0">
  <properties>
[...]
</properties>
  <testcase name="test1" classname="com.rolliedev.ChinesePostmanTest" time="0">
    <system-out><![CDATA[[[[0, 7]]]
[(0)--50--(1), (1)--50--(5), (5)--60--(7)]
Chinese postman route: 
0 1 0 2 3 1 4 5 1 5 7 2 6 7 5 3 0 
The length of Chinese postman route is 1000.

]]></system-out>
  </testcase>
  <testcase name="test2" classname="com.rolliedev.ChinesePostmanTest" time="0">
    <system-out><![CDATA[[[[0, 1], [2, 7]], [[0, 2], [1, 7]], [[0, 7], [1, 2]]]
[(0)--6--(1), (2)--7--(5), (5)--9--(7)]
Chinese postman route: 
0 1 0 2 3 1 4 3 5 2 5 6 4 7 5 7 6 3 0 
The length of Chinese postman route is 136.

]]></system-out>
  </testcase>
  <testcase name="test3" classname="com.rolliedev.ChinesePostmanTest" time="0">
    <system-out><![CDATA[[[[2, 3], [5, 6], [7, 8]], [[2, 3], [5, 7], [6, 8]], [[2, 3], [5, 8], [6, 7]], [[2, 5], [3, 6], [7, 8]], [[2, 5], [3, 7], [6, 8]], [[2, 5], [3, 8], [6, 7]], [[2, 6], [3, 5], [7, 8]], [[2, 6], [3, 7], [5, 8]], [[2, 6], [3, 8], [5, 7]], [[2, 7], [3, 5], [6, 8]], [[2, 7], [3, 6], [5, 8]], [[2, 7], [3, 8], [5, 6]], [[2, 8], [3, 5], [6, 7]], [[2, 8], [3, 6], [5, 7]], [[2, 8], [3, 7], [5, 6]]]
[(2)--80--(3), (5)--120--(6), (7)--150--(8)]
Chinese postman route: 
0 1 2 3 2 7 8 3 4 9 8 7 6 1 5 6 5 0 
The length of Chinese postman route is 2830.

]]></system-out>
  </testcase>
  <testcase name="test4" classname="com.rolliedev.ChinesePostmanTest" time="0">
    <system-out><![CDATA[[[[0, 1], [4, 5]], [[0, 4], [1, 5]], [[0, 5], [1, 4]]]
[(0)--1--(2), (2)--2--(4), (1)--1--(3), (3)--1--(5)]
Chinese postman route: 
0 1 3 1 5 3 5 4 0 2 4 2 0 
The length of Chinese postman route is 28.

]]></system-out>
  </testcase>
  <testcase name="test5" classname="com.rolliedev.ChinesePostmanTest" time="0.001">
    <system-out><![CDATA[[[[0, 2], [4, 6]], [[0, 4], [2, 6]], [[0, 6], [2, 4]]]
[(0)--3--(2), (4)--9--(5), (5)--7--(6)]
Chinese postman route: 
0 1 4 5 4 7 0 2 3 6 5 6 1 7 2 0 
The length of Chinese postman route is 164.

]]></system-out>
  </testcase>
  <testcase name="testWithEulerGraphInput" classname="com.rolliedev.ChinesePostmanTest" time="0">
    <system-out><![CDATA[[]
Chinese postman route: 
0 1 2 0 
The length of Chinese postman route is 9.

]]></system-out>
  </testcase>
</testsuite>