<?xml version="1.0" encoding="UTF-8"?>
<testsuite xmlns:xsi="http://www.w3.org/2001/XMLSchema-instance" xsi:noNamespaceSchemaLocation="https://maven.apache.org/surefire/maven-surefire-plugin/xsd/surefire-test-report-3.0.xsd" version="3.0" name="com.rolliedev.JohnsonTest" time="0.061" tests="4" errors="0" skipped="0" failures="0">
  <properties>
[...]
</properties>
  <testcase name="testForGraphWithNegCycleShouldReturnEmpty2DMatrix" classname="com.rolliedev.JohnsonTest" time="0.01">
    <system-out><![CDATA[Graph contains a negative-weight cycle, no solution found.
Johnson's algorithm is terminated.
]]></system-out>
  </testcase>
  <testcase name="testForGraph1" classname="com.rolliedev.JohnsonTest" time="0.014">
    <system-out><![CDATA[0 -- 0: []
0 -- 1: [(0)--9-->(1)]
0 -- 2: [(0)--9-->(1), (1)--9-->(2)]
0 -- 3: []
0 -- 4: [(0)--2-->(4)]
0 -- 5: [(0)--2-->(4), (4)--2-->(5)]
0 -- 6: []
0 -- 7: []
0 -- 8: []
0 -- 9: []
0 -- 10: []
0 -- 11: []
0 -- 12: []
0 -- 13: []
0 -- 14: []
0 -- 15: []
0 -- 16: []
0 -- 17: []

1 -- 0: [(1)--1-->(0)]
1 -- 1: []
1 -- 2: [(1)--9-->(2)]
1 -- 3: []
1 -- 4: [(1)--1-->(0), (0)--2-->(4)]
1 -- 5: [(1)--1-->(0), (0)--2-->(4), (4)--2-->(5)]
1 -- 6: []
1 -- 7: []
1 -- 8: []
1 -- 9: []
1 -- 10: []
1 -- 11: []
1 -- 12: []
1 -- 13: []
1 -- 14: []
1 -- 15: []
1 -- 16: []
1 -- 17: []

2 -- 0: [(2)--8-->(1), (1)--1-->(0)]
2 -- 1: [(2)--8-->(1)]
2 -- 2: []
2 -- 3: []
2 -- 4: [(2)--8-->(1), (1)--1-->(0), (0)--2-->(4)]
2 -- 5: [(2)--8-->(1), (1)--1-->(0), (0)--2-->(4), (4)--2-->(5)]
2 -- 6: []
2 -- 7: []
2 -- 8: []
2 -- 9: []
2 -- 10: []
2 -- 11: []
2 -- 12: []
2 -- 13: []
2 -- 14: []
2 -- 15: []
2 -- 16: []
2 -- 17: []

3 -- 0: []
3 -- 1: []
3 -- 2: []
3 -- 3: []
3 -- 4: []
3 -- 5: [(3)--2-->(17), (17)--1-->(13), (13)--5-->(9), (9)--8-->(6), (6)--8-->(5)]
3 -- 6: [(3)--2-->(17), (17)--1-->(13), (13)--5-->(9), (9)--8-->(6)]
3 -- 7: []
3 -- 8: [(3)--2-->(17), (17)--1-->(13), (13)--2-->(12), (12)--4-->(8)]
3 -- 9: [(3)--2-->(17), (17)--1-->(13), (13)--5-->(9)]
3 -- 10: [(3)--2-->(17), (17)--7-->(10)]
3 -- 11: []
3 -- 12: [(3)--2-->(17), (17)--1-->(13), (13)--2-->(12)]
3 -- 13: [(3)--2-->(17), (17)--1-->(13)]
3 -- 14: []
3 -- 15: [(3)--2-->(17), (17)--1-->(13), (13)--2-->(12), (12)--7-->(15)]
3 -- 16: [(3)--2-->(17), (17)--1-->(13), (13)--2-->(16)]
3 -- 17: [(3)--2-->(17)]

4 -- 0: [(4)--4-->(0)]
4 -- 1: [(4)--4-->(0), (0)--9-->(1)]
4 -- 2: [(4)--4-->(0), (0)--9-->(1), (1)--9-->(2)]
4 -- 3: []
4 -- 4: []
4 -- 5: [(4)--2-->(5)]
4 -- 6: []
4 -- 7: []
4 -- 8: []
4 -- 9: []
4 -- 10: []
4 -- 11: []
4 -- 12: []
4 -- 13: []
4 -- 14: []
4 -- 15: []
4 -- 16: []
4 -- 17: []

5 -- 0: []
5 -- 1: []
5 -- 2: []
5 -- 3: []
5 -- 4: []
5 -- 5: []
5 -- 6: []
5 -- 7: []
5 -- 8: []
5 -- 9: []
5 -- 10: []
5 -- 11: []
5 -- 12: []
5 -- 13: []
5 -- 14: []
5 -- 15: []
5 -- 16: []
5 -- 17: []

6 -- 0: []
6 -- 1: []
6 -- 2: []
6 -- 3: []
6 -- 4: []
6 -- 5: [(6)--8-->(5)]
6 -- 6: []
6 -- 7: []
6 -- 8: [(6)--3-->(9), (9)--5-->(12), (12)--4-->(8)]
6 -- 9: [(6)--3-->(9)]
6 -- 10: []
6 -- 11: []
6 -- 12: [(6)--3-->(9), (9)--5-->(12)]
6 -- 13: [(6)--3-->(9), (9)--8-->(13)]
6 -- 14: []
6 -- 15: [(6)--3-->(9), (9)--5-->(12), (12)--7-->(15)]
6 -- 16: [(6)--3-->(9), (9)--8-->(13), (13)--2-->(16)]
6 -- 17: []

7 -- 0: []
7 -- 1: []
7 -- 2: []
7 -- 3: []
7 -- 4: []
7 -- 5: [(7)--4-->(14), (14)--4-->(11), (11)--7-->(12), (12)--9-->(16), (16)--5-->(13), (13)--5-->(9), (9)--8-->(6), (6)--8-->(5)]
7 -- 6: [(7)--4-->(14), (14)--4-->(11), (11)--7-->(12), (12)--9-->(16), (16)--5-->(13), (13)--5-->(9), (9)--8-->(6)]
7 -- 7: []
7 -- 8: [(7)--4-->(14), (14)--4-->(11), (11)--7-->(12), (12)--4-->(8)]
7 -- 9: [(7)--4-->(14), (14)--4-->(11), (11)--7-->(12), (12)--9-->(16), (16)--5-->(13), (13)--5-->(9)]
7 -- 10: []
7 -- 11: [(7)--4-->(14), (14)--4-->(11)]
7 -- 12: [(7)--4-->(14), (14)--4-->(11), (11)--7-->(12)]
7 -- 13: [(7)--4-->(14), (14)--4-->(11), (11)--7-->(12), (12)--9-->(16), (16)--5-->(13)]
7 -- 14: [(7)--4-->(14)]
7 -- 15: [(7)--4-->(14), (14)--4-->(11), (11)--1-->(15)]
7 -- 16: [(7)--4-->(14), (14)--4-->(11), (11)--7-->(12), (12)--9-->(16)]
7 -- 17: []

8 -- 0: []
8 -- 1: []
8 -- 2: []
8 -- 3: []
8 -- 4: []
8 -- 5: []
8 -- 6: []
8 -- 7: []
8 -- 8: []
8 -- 9: []
8 -- 10: []
8 -- 11: []
8 -- 12: []
8 -- 13: []
8 -- 14: []
8 -- 15: []
8 -- 16: []
8 -- 17: []

9 -- 0: []
9 -- 1: []
9 -- 2: []
9 -- 3: []
9 -- 4: []
9 -- 5: [(9)--8-->(6), (6)--8-->(5)]
9 -- 6: [(9)--8-->(6)]
9 -- 7: []
9 -- 8: [(9)--5-->(12), (12)--4-->(8)]
9 -- 9: []
9 -- 10: []
9 -- 11: []
9 -- 12: [(9)--5-->(12)]
9 -- 13: [(9)--8-->(13)]
9 -- 14: []
9 -- 15: [(9)--5-->(12), (12)--7-->(15)]
9 -- 16: [(9)--8-->(13), (13)--2-->(16)]
9 -- 17: []

10 -- 0: []
10 -- 1: []
10 -- 2: []
10 -- 3: []
10 -- 4: []
10 -- 5: [(10)--9-->(9), (9)--8-->(6), (6)--8-->(5)]
10 -- 6: [(10)--9-->(9), (9)--8-->(6)]
10 -- 7: []
10 -- 8: [(10)--9-->(9), (9)--5-->(12), (12)--4-->(8)]
10 -- 9: [(10)--9-->(9)]
10 -- 10: []
10 -- 11: []
10 -- 12: [(10)--9-->(9), (9)--5-->(12)]
10 -- 13: [(10)--9-->(9), (9)--8-->(13)]
10 -- 14: []
10 -- 15: [(10)--9-->(9), (9)--5-->(12), (12)--7-->(15)]
10 -- 16: [(10)--9-->(9), (9)--8-->(13), (13)--2-->(16)]
10 -- 17: []

11 -- 0: []
11 -- 1: []
11 -- 2: []
11 -- 3: []
11 -- 4: []
11 -- 5: [(11)--7-->(12), (12)--9-->(16), (16)--5-->(13), (13)--5-->(9), (9)--8-->(6), (6)--8-->(5)]
11 -- 6: [(11)--7-->(12), (12)--9-->(16), (16)--5-->(13), (13)--5-->(9), (9)--8-->(6)]
11 -- 7: []
11 -- 8: [(11)--7-->(12), (12)--4-->(8)]
11 -- 9: [(11)--7-->(12), (12)--9-->(16), (16)--5-->(13), (13)--5-->(9)]
11 -- 10: []
11 -- 11: []
11 -- 12: [(11)--7-->(12)]
11 -- 13: [(11)--7-->(12), (12)--9-->(16), (16)--5-->(13)]
11 -- 14: []
11 -- 15: [(11)--1-->(15)]
11 -- 16: [(11)--7-->(12), (12)--9-->(16)]
11 -- 17: []

12 -- 0: []
12 -- 1: []
12 -- 2: []
12 -- 3: []
12 -- 4: []
12 -- 5: [(12)--9-->(16), (16)--5-->(13), (13)--5-->(9), (9)--8-->(6), (6)--8-->(5)]
12 -- 6: [(12)--9-->(16), (16)--5-->(13), (13)--5-->(9), (9)--8-->(6)]
12 -- 7: []
12 -- 8: [(12)--4-->(8)]
12 -- 9: [(12)--9-->(16), (16)--5-->(13), (13)--5-->(9)]
12 -- 10: []
12 -- 11: []
12 -- 12: []
12 -- 13: [(12)--9-->(16), (16)--5-->(13)]
12 -- 14: []
12 -- 15: [(12)--7-->(15)]
12 -- 16: [(12)--9-->(16)]
12 -- 17: []

13 -- 0: []
13 -- 1: []
13 -- 2: []
13 -- 3: []
13 -- 4: []
13 -- 5: [(13)--5-->(9), (9)--8-->(6), (6)--8-->(5)]
13 -- 6: [(13)--5-->(9), (9)--8-->(6)]
13 -- 7: []
13 -- 8: [(13)--2-->(12), (12)--4-->(8)]
13 -- 9: [(13)--5-->(9)]
13 -- 10: []
13 -- 11: []
13 -- 12: [(13)--2-->(12)]
13 -- 13: []
13 -- 14: []
13 -- 15: [(13)--2-->(12), (12)--7-->(15)]
13 -- 16: [(13)--2-->(16)]
13 -- 17: []

14 -- 0: []
14 -- 1: []
14 -- 2: []
14 -- 3: []
14 -- 4: []
14 -- 5: [(14)--4-->(11), (11)--7-->(12), (12)--9-->(16), (16)--5-->(13), (13)--5-->(9), (9)--8-->(6), (6)--8-->(5)]
14 -- 6: [(14)--4-->(11), (11)--7-->(12), (12)--9-->(16), (16)--5-->(13), (13)--5-->(9), (9)--8-->(6)]
14 -- 7: []
14 -- 8: [(14)--4-->(11), (11)--7-->(12), (12)--4-->(8)]
14 -- 9: [(14)--4-->(11), (11)--7-->(12), (12)--9-->(16), (16)--5-->(13), (13)--5-->(9)]
14 -- 10: []
14 -- 11: [(14)--4-->(11)]
14 -- 12: [(14)--4-->(11), (11)--7-->(12)]
14 -- 13: [(14)--4-->(11), (11)--7-->(12), (12)--9-->(16), (16)--5-->(13)]
14 -- 14: []
14 -- 15: [(14)--4-->(11), (11)--1-->(15)]
14 -- 16: [(14)--4-->(11), (11)--7-->(12), (12)--9-->(16)]
14 -- 17: []

15 -- 0: []
15 -- 1: []
15 -- 2: []
15 -- 3: []
15 -- 4: []
15 -- 5: [(15)--8-->(12), (12)--9-->(16), (16)--5-->(13), (13)--5-->(9), (9)--8-->(6), (6)--8-->(5)]
15 -- 6: [(15)--8-->(12), (12)--9-->(16), (16)--5-->(13), (13)--5-->(9), (9)--8-->(6)]
15 -- 7: []
15 -- 8: [(15)--8-->(12), (12)--4-->(8)]
15 -- 9: [(15)--8-->(12), (12)--9-->(16), (16)--5-->(13), (13)--5-->(9)]
15 -- 10: []
15 -- 11: []
15 -- 12: [(15)--8-->(12)]
15 -- 13: [(15)--8-->(12), (12)--9-->(16), (16)--5-->(13)]
15 -- 14: []
15 -- 15: []
15 -- 16: [(15)--8-->(12), (12)--9-->(16)]
15 -- 17: []

16 -- 0: []
16 -- 1: []
16 -- 2: []
16 -- 3: []
16 -- 4: []
16 -- 5: [(16)--5-->(13), (13)--5-->(9), (9)--8-->(6), (6)--8-->(5)]
16 -- 6: [(16)--5-->(13), (13)--5-->(9), (9)--8-->(6)]
16 -- 7: []
16 -- 8: [(16)--7-->(12), (12)--4-->(8)]
16 -- 9: [(16)--5-->(13), (13)--5-->(9)]
16 -- 10: []
16 -- 11: []
16 -- 12: [(16)--7-->(12)]
16 -- 13: [(16)--5-->(13)]
16 -- 14: []
16 -- 15: [(16)--7-->(12), (12)--7-->(15)]
16 -- 16: []
16 -- 17: []

17 -- 0: []
17 -- 1: []
17 -- 2: []
17 -- 3: []
17 -- 4: []
17 -- 5: [(17)--1-->(13), (13)--5-->(9), (9)--8-->(6), (6)--8-->(5)]
17 -- 6: [(17)--1-->(13), (13)--5-->(9), (9)--8-->(6)]
17 -- 7: []
17 -- 8: [(17)--1-->(13), (13)--2-->(12), (12)--4-->(8)]
17 -- 9: [(17)--1-->(13), (13)--5-->(9)]
17 -- 10: [(17)--7-->(10)]
17 -- 11: []
17 -- 12: [(17)--1-->(13), (13)--2-->(12)]
17 -- 13: [(17)--1-->(13)]
17 -- 14: []
17 -- 15: [(17)--1-->(13), (13)--2-->(12), (12)--7-->(15)]
17 -- 16: [(17)--1-->(13), (13)--2-->(16)]
17 -- 17: []

]]></system-out>
  </testcase>
  <testcase name="testForGraph2" classname="com.rolliedev.JohnsonTest" time="0.033">
    <system-out><![CDATA[0 -- 0: []
0 -- 1: [(0)--4-->(1)]
0 -- 2: [(0)--2-->(2)]
0 -- 3: [(0)--8-->(3)]
0 -- 4: [(0)--2-->(2), (2)--3-->(4)]
0 -- 5: [(0)--2-->(2), (2)--3-->(4), (4)--1-->(7), (7)--8-->(5)]
0 -- 6: [(0)--2-->(2), (2)--1-->(6)]
0 -- 7: [(0)--2-->(2), (2)--3-->(4), (4)--1-->(7)]

1 -- 0: [(1)--1-->(0)]
1 -- 1: []
1 -- 2: [(1)--1-->(0), (0)--2-->(2)]
1 -- 3: [(1)--1-->(0), (0)--8-->(3)]
1 -- 4: [(1)--1-->(0), (0)--2-->(2), (2)--3-->(4)]
1 -- 5: [(1)--1-->(0), (0)--2-->(2), (2)--3-->(4), (4)--1-->(7), (7)--8-->(5)]
1 -- 6: [(1)--3-->(6)]
1 -- 7: [(1)--1-->(0), (0)--2-->(2), (2)--3-->(4), (4)--1-->(7)]

2 -- 0: []
2 -- 1: []
2 -- 2: []
2 -- 3: [(2)--3-->(4), (4)--1-->(7), (7)--8-->(5), (5)--8-->(3)]
2 -- 4: [(2)--3-->(4)]
2 -- 5: [(2)--3-->(4), (4)--1-->(7), (7)--8-->(5)]
2 -- 6: [(2)--1-->(6)]
2 -- 7: [(2)--3-->(4), (4)--1-->(7)]

3 -- 0: []
3 -- 1: []
3 -- 2: []
3 -- 3: []
3 -- 4: []
3 -- 5: [(3)--6-->(5)]
3 -- 6: []
3 -- 7: []

4 -- 0: []
4 -- 1: []
4 -- 2: [(4)--6-->(2)]
4 -- 3: [(4)--1-->(7), (7)--8-->(5), (5)--8-->(3)]
4 -- 4: []
4 -- 5: [(4)--1-->(7), (7)--8-->(5)]
4 -- 6: [(4)--1-->(7), (7)--1-->(6)]
4 -- 7: [(4)--1-->(7)]

5 -- 0: []
5 -- 1: []
5 -- 2: []
5 -- 3: [(5)--8-->(3)]
5 -- 4: []
5 -- 5: []
5 -- 6: []
5 -- 7: []

6 -- 0: []
6 -- 1: []
6 -- 2: [(6)--5-->(2)]
6 -- 3: [(6)--8-->(4), (4)--1-->(7), (7)--8-->(5), (5)--8-->(3)]
6 -- 4: [(6)--8-->(4)]
6 -- 5: [(6)--8-->(4), (4)--1-->(7), (7)--8-->(5)]
6 -- 6: []
6 -- 7: [(6)--8-->(4), (4)--1-->(7)]

7 -- 0: []
7 -- 1: []
7 -- 2: [(7)--1-->(6), (6)--5-->(2)]
7 -- 3: [(7)--8-->(5), (5)--8-->(3)]
7 -- 4: [(7)--1-->(6), (6)--8-->(4)]
7 -- 5: [(7)--8-->(5)]
7 -- 6: [(7)--1-->(6)]
7 -- 7: []

]]></system-out>
  </testcase>
  <testcase name="testForGraph3" classname="com.rolliedev.JohnsonTest" time="0.004">
    <system-out><![CDATA[0 -- 0: []
0 -- 1: [(0)--4-->(2), (2)--1-->(1)]
0 -- 2: [(0)--4-->(2)]
0 -- 3: []
0 -- 4: [(0)--9-->(4)]
0 -- 5: [(0)--4-->(2), (2)--9-->(5)]
0 -- 6: [(0)--4-->(2), (2)--4-->(6)]
0 -- 7: [(0)--5-->(7)]
0 -- 8: [(0)--2-->(14), (14)--1-->(11), (11)--9-->(8)]
0 -- 9: [(0)--2-->(14), (14)--1-->(11), (11)--9-->(8), (8)--9-->(9)]
0 -- 10: [(0)--2-->(14), (14)--1-->(11), (11)--2-->(15), (15)--6-->(17), (17)--6-->(10)]
0 -- 11: [(0)--2-->(14), (14)--1-->(11)]
0 -- 12: [(0)--2-->(14), (14)--1-->(11), (11)--9-->(8), (8)--9-->(12)]
0 -- 13: [(0)--2-->(14), (14)--1-->(11), (11)--2-->(15), (15)--6-->(17), (17)--6-->(10), (10)--2-->(13)]
0 -- 14: [(0)--2-->(14)]
0 -- 15: [(0)--2-->(14), (14)--1-->(11), (11)--2-->(15)]
0 -- 16: [(0)--2-->(14), (14)--1-->(11), (11)--2-->(15), (15)--8-->(16)]
0 -- 17: [(0)--2-->(14), (14)--1-->(11), (11)--2-->(15), (15)--6-->(17)]

1 -- 0: []
1 -- 1: []
1 -- 2: [(1)--5-->(4), (4)--4-->(7), (7)--7-->(14), (14)--1-->(11), (11)--9-->(8), (8)--6-->(5), (5)--5-->(2)]
1 -- 3: []
1 -- 4: [(1)--5-->(4)]
1 -- 5: [(1)--5-->(4), (4)--4-->(7), (7)--7-->(14), (14)--1-->(11), (11)--9-->(8), (8)--6-->(5)]
1 -- 6: [(1)--5-->(4), (4)--4-->(7), (7)--7-->(14), (14)--1-->(11), (11)--9-->(8), (8)--6-->(5), (5)--5-->(2), (2)--4-->(6)]
1 -- 7: [(1)--5-->(4), (4)--4-->(7)]
1 -- 8: [(1)--5-->(4), (4)--4-->(7), (7)--7-->(14), (14)--1-->(11), (11)--9-->(8)]
1 -- 9: [(1)--5-->(4), (4)--4-->(7), (7)--7-->(14), (14)--1-->(11), (11)--9-->(8), (8)--9-->(9)]
1 -- 10: [(1)--5-->(4), (4)--4-->(7), (7)--7-->(14), (14)--1-->(11), (11)--2-->(15), (15)--6-->(17), (17)--6-->(10)]
1 -- 11: [(1)--5-->(4), (4)--4-->(7), (7)--7-->(14), (14)--1-->(11)]
1 -- 12: [(1)--5-->(4), (4)--4-->(7), (7)--7-->(14), (14)--1-->(11), (11)--9-->(8), (8)--9-->(12)]
1 -- 13: [(1)--5-->(4), (4)--4-->(7), (7)--7-->(14), (14)--1-->(11), (11)--2-->(15), (15)--6-->(17), (17)--6-->(10), (10)--2-->(13)]
1 -- 14: [(1)--5-->(4), (4)--4-->(7), (7)--7-->(14)]
1 -- 15: [(1)--5-->(4), (4)--4-->(7), (7)--7-->(14), (14)--1-->(11), (11)--2-->(15)]
1 -- 16: [(1)--5-->(4), (4)--4-->(7), (7)--7-->(14), (14)--1-->(11), (11)--2-->(15), (15)--8-->(16)]
1 -- 17: [(1)--5-->(4), (4)--4-->(7), (7)--7-->(14), (14)--1-->(11), (11)--2-->(15), (15)--6-->(17)]

2 -- 0: []
2 -- 1: [(2)--1-->(1)]
2 -- 2: []
2 -- 3: []
2 -- 4: [(2)--1-->(1), (1)--5-->(4)]
2 -- 5: [(2)--9-->(5)]
2 -- 6: [(2)--4-->(6)]
2 -- 7: [(2)--1-->(1), (1)--5-->(4), (4)--4-->(7)]
2 -- 8: [(2)--9-->(5), (5)--6-->(8)]
2 -- 9: [(2)--9-->(5), (5)--6-->(8), (8)--9-->(9)]
2 -- 10: [(2)--1-->(1), (1)--5-->(4), (4)--4-->(7), (7)--7-->(14), (14)--1-->(11), (11)--2-->(15), (15)--6-->(17), (17)--6-->(10)]
2 -- 11: [(2)--1-->(1), (1)--5-->(4), (4)--4-->(7), (7)--7-->(14), (14)--1-->(11)]
2 -- 12: [(2)--9-->(5), (5)--6-->(8), (8)--9-->(12)]
2 -- 13: [(2)--1-->(1), (1)--5-->(4), (4)--4-->(7), (7)--7-->(14), (14)--1-->(11), (11)--2-->(15), (15)--6-->(17), (17)--6-->(10), (10)--2-->(13)]
2 -- 14: [(2)--1-->(1), (1)--5-->(4), (4)--4-->(7), (7)--7-->(14)]
2 -- 15: [(2)--1-->(1), (1)--5-->(4), (4)--4-->(7), (7)--7-->(14), (14)--1-->(11), (11)--2-->(15)]
2 -- 16: [(2)--9-->(5), (5)--6-->(8), (8)--9-->(12), (12)--1-->(16)]
2 -- 17: [(2)--1-->(1), (1)--5-->(4), (4)--4-->(7), (7)--7-->(14), (14)--1-->(11), (11)--2-->(15), (15)--6-->(17)]

3 -- 0: []
3 -- 1: []
3 -- 2: []
3 -- 3: []
3 -- 4: []
3 -- 5: []
3 -- 6: [(3)--8-->(6)]
3 -- 7: []
3 -- 8: []
3 -- 9: []
3 -- 10: []
3 -- 11: []
3 -- 12: []
3 -- 13: []
3 -- 14: []
3 -- 15: []
3 -- 16: []
3 -- 17: []

4 -- 0: []
4 -- 1: [(4)--4-->(7), (7)--7-->(14), (14)--1-->(11), (11)--9-->(8), (8)--6-->(5), (5)--5-->(2), (2)--1-->(1)]
4 -- 2: [(4)--4-->(7), (7)--7-->(14), (14)--1-->(11), (11)--9-->(8), (8)--6-->(5), (5)--5-->(2)]
4 -- 3: []
4 -- 4: []
4 -- 5: [(4)--4-->(7), (7)--7-->(14), (14)--1-->(11), (11)--9-->(8), (8)--6-->(5)]
4 -- 6: [(4)--4-->(7), (7)--7-->(14), (14)--1-->(11), (11)--9-->(8), (8)--6-->(5), (5)--5-->(2), (2)--4-->(6)]
4 -- 7: [(4)--4-->(7)]
4 -- 8: [(4)--4-->(7), (7)--7-->(14), (14)--1-->(11), (11)--9-->(8)]
4 -- 9: [(4)--4-->(7), (7)--7-->(14), (14)--1-->(11), (11)--9-->(8), (8)--9-->(9)]
4 -- 10: [(4)--4-->(7), (7)--7-->(14), (14)--1-->(11), (11)--2-->(15), (15)--6-->(17), (17)--6-->(10)]
4 -- 11: [(4)--4-->(7), (7)--7-->(14), (14)--1-->(11)]
4 -- 12: [(4)--4-->(7), (7)--7-->(14), (14)--1-->(11), (11)--9-->(8), (8)--9-->(12)]
4 -- 13: [(4)--4-->(7), (7)--7-->(14), (14)--1-->(11), (11)--2-->(15), (15)--6-->(17), (17)--6-->(10), (10)--2-->(13)]
4 -- 14: [(4)--4-->(7), (7)--7-->(14)]
4 -- 15: [(4)--4-->(7), (7)--7-->(14), (14)--1-->(11), (11)--2-->(15)]
4 -- 16: [(4)--4-->(7), (7)--7-->(14), (14)--1-->(11), (11)--2-->(15), (15)--8-->(16)]
4 -- 17: [(4)--4-->(7), (7)--7-->(14), (14)--1-->(11), (11)--2-->(15), (15)--6-->(17)]

5 -- 0: []
5 -- 1: [(5)--5-->(2), (2)--1-->(1)]
5 -- 2: [(5)--5-->(2)]
5 -- 3: []
5 -- 4: [(5)--5-->(2), (2)--1-->(1), (1)--5-->(4)]
5 -- 5: []
5 -- 6: [(5)--5-->(2), (2)--4-->(6)]
5 -- 7: [(5)--5-->(2), (2)--1-->(1), (1)--5-->(4), (4)--4-->(7)]
5 -- 8: [(5)--6-->(8)]
5 -- 9: [(5)--6-->(8), (8)--9-->(9)]
5 -- 10: [(5)--5-->(2), (2)--1-->(1), (1)--5-->(4), (4)--4-->(7), (7)--7-->(14), (14)--1-->(11), (11)--2-->(15), (15)--6-->(17), (17)--6-->(10)]
5 -- 11: [(5)--5-->(2), (2)--1-->(1), (1)--5-->(4), (4)--4-->(7), (7)--7-->(14), (14)--1-->(11)]
5 -- 12: [(5)--6-->(8), (8)--9-->(12)]
5 -- 13: [(5)--5-->(2), (2)--1-->(1), (1)--5-->(4), (4)--4-->(7), (7)--7-->(14), (14)--1-->(11), (11)--2-->(15), (15)--6-->(17), (17)--6-->(10), (10)--2-->(13)]
5 -- 14: [(5)--5-->(2), (2)--1-->(1), (1)--5-->(4), (4)--4-->(7), (7)--7-->(14)]
5 -- 15: [(5)--5-->(2), (2)--1-->(1), (1)--5-->(4), (4)--4-->(7), (7)--7-->(14), (14)--1-->(11), (11)--2-->(15)]
5 -- 16: [(5)--6-->(8), (8)--9-->(12), (12)--1-->(16)]
5 -- 17: [(5)--5-->(2), (2)--1-->(1), (1)--5-->(4), (4)--4-->(7), (7)--7-->(14), (14)--1-->(11), (11)--2-->(15), (15)--6-->(17)]

6 -- 0: []
6 -- 1: []
6 -- 2: []
6 -- 3: []
6 -- 4: []
6 -- 5: []
6 -- 6: []
6 -- 7: []
6 -- 8: []
6 -- 9: []
6 -- 10: []
6 -- 11: []
6 -- 12: []
6 -- 13: []
6 -- 14: []
6 -- 15: []
6 -- 16: []
6 -- 17: []

7 -- 0: []
7 -- 1: [(7)--7-->(14), (14)--1-->(11), (11)--9-->(8), (8)--6-->(5), (5)--5-->(2), (2)--1-->(1)]
7 -- 2: [(7)--7-->(14), (14)--1-->(11), (11)--9-->(8), (8)--6-->(5), (5)--5-->(2)]
7 -- 3: []
7 -- 4: [(7)--7-->(4)]
7 -- 5: [(7)--7-->(14), (14)--1-->(11), (11)--9-->(8), (8)--6-->(5)]
7 -- 6: [(7)--7-->(14), (14)--1-->(11), (11)--9-->(8), (8)--6-->(5), (5)--5-->(2), (2)--4-->(6)]
7 -- 7: []
7 -- 8: [(7)--7-->(14), (14)--1-->(11), (11)--9-->(8)]
7 -- 9: [(7)--7-->(14), (14)--1-->(11), (11)--9-->(8), (8)--9-->(9)]
7 -- 10: [(7)--7-->(14), (14)--1-->(11), (11)--2-->(15), (15)--6-->(17), (17)--6-->(10)]
7 -- 11: [(7)--7-->(14), (14)--1-->(11)]
7 -- 12: [(7)--7-->(14), (14)--1-->(11), (11)--9-->(8), (8)--9-->(12)]
7 -- 13: [(7)--7-->(14), (14)--1-->(11), (11)--2-->(15), (15)--6-->(17), (17)--6-->(10), (10)--2-->(13)]
7 -- 14: [(7)--7-->(14)]
7 -- 15: [(7)--7-->(14), (14)--1-->(11), (11)--2-->(15)]
7 -- 16: [(7)--7-->(14), (14)--1-->(11), (11)--2-->(15), (15)--8-->(16)]
7 -- 17: [(7)--7-->(14), (14)--1-->(11), (11)--2-->(15), (15)--6-->(17)]

8 -- 0: []
8 -- 1: [(8)--6-->(5), (5)--5-->(2), (2)--1-->(1)]
8 -- 2: [(8)--6-->(5), (5)--5-->(2)]
8 -- 3: []
8 -- 4: [(8)--7-->(4)]
8 -- 5: [(8)--6-->(5)]
8 -- 6: [(8)--6-->(5), (5)--5-->(2), (2)--4-->(6)]
8 -- 7: [(8)--7-->(4), (4)--4-->(7)]
8 -- 8: []
8 -- 9: [(8)--9-->(9)]
8 -- 10: [(8)--7-->(4), (4)--4-->(7), (7)--7-->(14), (14)--1-->(11), (11)--2-->(15), (15)--6-->(17), (17)--6-->(10)]
8 -- 11: [(8)--7-->(4), (4)--4-->(7), (7)--7-->(14), (14)--1-->(11)]
8 -- 12: [(8)--9-->(12)]
8 -- 13: [(8)--7-->(4), (4)--4-->(7), (7)--7-->(14), (14)--1-->(11), (11)--2-->(15), (15)--6-->(17), (17)--6-->(10), (10)--2-->(13)]
8 -- 14: [(8)--7-->(4), (4)--4-->(7), (7)--7-->(14)]
8 -- 15: [(8)--7-->(4), (4)--4-->(7), (7)--7-->(14), (14)--1-->(11), (11)--2-->(15)]
8 -- 16: [(8)--9-->(12), (12)--1-->(16)]
8 -- 17: [(8)--7-->(4), (4)--4-->(7), (7)--7-->(14), (14)--1-->(11), (11)--2-->(15), (15)--6-->(17)]

9 -- 0: []
9 -- 1: [(9)--1-->(8), (8)--6-->(5), (5)--5-->(2), (2)--1-->(1)]
9 -- 2: [(9)--1-->(8), (8)--6-->(5), (5)--5-->(2)]
9 -- 3: []
9 -- 4: [(9)--1-->(8), (8)--7-->(4)]
9 -- 5: [(9)--1-->(8), (8)--6-->(5)]
9 -- 6: [(9)--1-->(8), (8)--6-->(5), (5)--5-->(2), (2)--4-->(6)]
9 -- 7: [(9)--1-->(8), (8)--7-->(4), (4)--4-->(7)]
9 -- 8: [(9)--1-->(8)]
9 -- 9: []
9 -- 10: [(9)--1-->(8), (8)--7-->(4), (4)--4-->(7), (7)--7-->(14), (14)--1-->(11), (11)--2-->(15), (15)--6-->(17), (17)--6-->(10)]
9 -- 11: [(9)--1-->(8), (8)--7-->(4), (4)--4-->(7), (7)--7-->(14), (14)--1-->(11)]
9 -- 12: [(9)--1-->(8), (8)--9-->(12)]
9 -- 13: [(9)--1-->(8), (8)--7-->(4), (4)--4-->(7), (7)--7-->(14), (14)--1-->(11), (11)--2-->(15), (15)--6-->(17), (17)--6-->(10), (10)--2-->(13)]
9 -- 14: [(9)--1-->(8), (8)--7-->(4), (4)--4-->(7), (7)--7-->(14)]
9 -- 15: [(9)--1-->(8), (8)--7-->(4), (4)--4-->(7), (7)--7-->(14), (14)--1-->(11), (11)--2-->(15)]
9 -- 16: [(9)--1-->(8), (8)--9-->(12), (12)--1-->(16)]
9 -- 17: [(9)--1-->(8), (8)--7-->(4), (4)--4-->(7), (7)--7-->(14), (14)--1-->(11), (11)--2-->(15), (15)--6-->(17)]

10 -- 0: []
10 -- 1: []
10 -- 2: []
10 -- 3: []
10 -- 4: []
10 -- 5: []
10 -- 6: []
10 -- 7: []
10 -- 8: []
10 -- 9: []
10 -- 10: []
10 -- 11: []
10 -- 12: [(10)--2-->(13), (13)--2-->(12)]
10 -- 13: [(10)--2-->(13)]
10 -- 14: []
10 -- 15: []
10 -- 16: [(10)--2-->(13), (13)--2-->(12), (12)--1-->(16)]
10 -- 17: []

11 -- 0: []
11 -- 1: [(11)--9-->(8), (8)--6-->(5), (5)--5-->(2), (2)--1-->(1)]
11 -- 2: [(11)--9-->(8), (8)--6-->(5), (5)--5-->(2)]
11 -- 3: []
11 -- 4: [(11)--9-->(8), (8)--7-->(4)]
11 -- 5: [(11)--9-->(8), (8)--6-->(5)]
11 -- 6: [(11)--9-->(8), (8)--6-->(5), (5)--5-->(2), (2)--4-->(6)]
11 -- 7: [(11)--9-->(8), (8)--7-->(4), (4)--4-->(7)]
11 -- 8: [(11)--9-->(8)]
11 -- 9: [(11)--9-->(8), (8)--9-->(9)]
11 -- 10: [(11)--2-->(15), (15)--6-->(17), (17)--6-->(10)]
11 -- 11: []
11 -- 12: [(11)--9-->(8), (8)--9-->(12)]
11 -- 13: [(11)--2-->(15), (15)--6-->(17), (17)--6-->(10), (10)--2-->(13)]
11 -- 14: [(11)--9-->(8), (8)--7-->(4), (4)--4-->(7), (7)--7-->(14)]
11 -- 15: [(11)--2-->(15)]
11 -- 16: [(11)--2-->(15), (15)--8-->(16)]
11 -- 17: [(11)--2-->(15), (15)--6-->(17)]

12 -- 0: []
12 -- 1: []
12 -- 2: []
12 -- 3: []
12 -- 4: []
12 -- 5: []
12 -- 6: []
12 -- 7: []
12 -- 8: []
12 -- 9: []
12 -- 10: []
12 -- 11: []
12 -- 12: []
12 -- 13: []
12 -- 14: []
12 -- 15: []
12 -- 16: [(12)--1-->(16)]
12 -- 17: []

13 -- 0: []
13 -- 1: []
13 -- 2: []
13 -- 3: []
13 -- 4: []
13 -- 5: []
13 -- 6: []
13 -- 7: []
13 -- 8: []
13 -- 9: []
13 -- 10: []
13 -- 11: []
13 -- 12: [(13)--2-->(12)]
13 -- 13: []
13 -- 14: []
13 -- 15: []
13 -- 16: [(13)--2-->(12), (12)--1-->(16)]
13 -- 17: []

14 -- 0: []
14 -- 1: [(14)--1-->(11), (11)--9-->(8), (8)--6-->(5), (5)--5-->(2), (2)--1-->(1)]
14 -- 2: [(14)--1-->(11), (11)--9-->(8), (8)--6-->(5), (5)--5-->(2)]
14 -- 3: []
14 -- 4: [(14)--1-->(11), (11)--9-->(8), (8)--7-->(4)]
14 -- 5: [(14)--1-->(11), (11)--9-->(8), (8)--6-->(5)]
14 -- 6: [(14)--1-->(11), (11)--9-->(8), (8)--6-->(5), (5)--5-->(2), (2)--4-->(6)]
14 -- 7: [(14)--1-->(11), (11)--9-->(8), (8)--7-->(4), (4)--4-->(7)]
14 -- 8: [(14)--1-->(11), (11)--9-->(8)]
14 -- 9: [(14)--1-->(11), (11)--9-->(8), (8)--9-->(9)]
14 -- 10: [(14)--1-->(11), (11)--2-->(15), (15)--6-->(17), (17)--6-->(10)]
14 -- 11: [(14)--1-->(11)]
14 -- 12: [(14)--1-->(11), (11)--9-->(8), (8)--9-->(12)]
14 -- 13: [(14)--1-->(11), (11)--2-->(15), (15)--6-->(17), (17)--6-->(10), (10)--2-->(13)]
14 -- 14: []
14 -- 15: [(14)--1-->(11), (11)--2-->(15)]
14 -- 16: [(14)--1-->(11), (11)--2-->(15), (15)--8-->(16)]
14 -- 17: [(14)--1-->(11), (11)--2-->(15), (15)--6-->(17)]

15 -- 0: []
15 -- 1: [(15)--8-->(11), (11)--9-->(8), (8)--6-->(5), (5)--5-->(2), (2)--1-->(1)]
15 -- 2: [(15)--8-->(11), (11)--9-->(8), (8)--6-->(5), (5)--5-->(2)]
15 -- 3: []
15 -- 4: [(15)--8-->(11), (11)--9-->(8), (8)--7-->(4)]
15 -- 5: [(15)--8-->(11), (11)--9-->(8), (8)--6-->(5)]
15 -- 6: [(15)--8-->(11), (11)--9-->(8), (8)--6-->(5), (5)--5-->(2), (2)--4-->(6)]
15 -- 7: [(15)--8-->(11), (11)--9-->(8), (8)--7-->(4), (4)--4-->(7)]
15 -- 8: [(15)--8-->(11), (11)--9-->(8)]
15 -- 9: [(15)--8-->(11), (11)--9-->(8), (8)--9-->(9)]
15 -- 10: [(15)--6-->(17), (17)--6-->(10)]
15 -- 11: [(15)--8-->(11)]
15 -- 12: [(15)--6-->(17), (17)--6-->(10), (10)--2-->(13), (13)--2-->(12)]
15 -- 13: [(15)--6-->(17), (17)--6-->(10), (10)--2-->(13)]
15 -- 14: [(15)--8-->(11), (11)--9-->(8), (8)--7-->(4), (4)--4-->(7), (7)--7-->(14)]
15 -- 15: []
15 -- 16: [(15)--8-->(16)]
15 -- 17: [(15)--6-->(17)]

16 -- 0: []
16 -- 1: []
16 -- 2: []
16 -- 3: []
16 -- 4: []
16 -- 5: []
16 -- 6: []
16 -- 7: []
16 -- 8: []
16 -- 9: []
16 -- 10: []
16 -- 11: []
16 -- 12: []
16 -- 13: []
16 -- 14: []
16 -- 15: []
16 -- 16: []
16 -- 17: []

17 -- 0: []
17 -- 1: []
17 -- 2: []
17 -- 3: []
17 -- 4: []
17 -- 5: []
17 -- 6: []
17 -- 7: []
17 -- 8: []
17 -- 9: []
17 -- 10: [(17)--6-->(10)]
17 -- 11: []
17 -- 12: [(17)--6-->(10), (10)--2-->(13), (13)--2-->(12)]
17 -- 13: [(17)--6-->(10), (10)--2-->(13)]
17 -- 14: []
17 -- 15: []
17 -- 16: [(17)--6-->(10), (10)--2-->(13), (13)--2-->(12), (12)--1-->(16)]
17 -- 17: []

]]></system-out>
  </testcase>
</testsuite>